2020-05-18 16:15:29,496[TestNG-tests-1]On Test Start testLoginOption
2020-05-18 16:15:29,524[TestNG-tests-1]On Test Start testLoginOption
2020-05-18 16:15:29,530[TestNG-tests-1]Check out file's path
2020-05-18 16:15:29,531[TestNG-tests-1]Check out file's path
2020-05-18 16:16:02,963[TestNG-tests-1]Check out file's path
2020-05-18 16:16:03,184[TestNG-tests-1]Check out file's path
2020-05-18 16:16:03,316[TestNG-tests-1]Check out file's path
2020-05-18 16:16:03,317[TestNG-tests-1]Useris successfully logged in 
2020-05-18 16:16:03,402[TestNG-tests-1]On Test Failed testLoginOption
2020-05-18 16:16:04,980[TestNG-tests-1]On Test Failed testLoginOption
2020-05-18 16:16:12,891[TestNG-tests-1]On Test Start testAdditionProductToCard
2020-05-18 16:16:12,891[TestNG-tests-1]On Test Start testAdditionProductToCard
2020-05-18 16:16:52,107[TestNG-tests-1]On Test Success testAdditionProductToCard
2020-05-18 16:16:52,108[TestNG-tests-1]On Test Success testAdditionProductToCard
2020-05-18 16:16:58,994[TestNG-tests-1]On Test Start testProductAdditionToTheList
2020-05-18 16:16:58,994[TestNG-tests-1]On Test Start testProductAdditionToTheList
2020-05-18 16:17:36,224[TestNG-tests-1]On Test Success testProductAdditionToTheList
2020-05-18 16:17:36,225[TestNG-tests-1]On Test Success testProductAdditionToTheList
2020-05-18 16:17:43,230[TestNG-tests-1]On Test Start testBasketPageIsDisplayed
2020-05-18 16:17:43,231[TestNG-tests-1]On Test Start testBasketPageIsDisplayed
2020-05-18 16:18:06,043[TestNG-tests-1]On Test Success testBasketPageIsDisplayed
2020-05-18 16:18:06,044[TestNG-tests-1]On Test Success testBasketPageIsDisplayed
2020-05-18 16:18:06,046[TestNG-tests-1]On Test Start testBookmarksPageIsDisplayed
2020-05-18 16:18:06,047[TestNG-tests-1]On Test Start testBookmarksPageIsDisplayed
2020-05-18 16:18:16,396[TestNG-tests-1]On Test Success testBookmarksPageIsDisplayed
2020-05-18 16:18:16,397[TestNG-tests-1]On Test Success testBookmarksPageIsDisplayed
2020-05-18 16:18:16,399[TestNG-tests-1]On Test Start testComparasionListPageIsDisplayed
2020-05-18 16:18:16,400[TestNG-tests-1]On Test Start testComparasionListPageIsDisplayed
2020-05-18 16:18:22,504[TestNG-tests-1]On Test Success testComparasionListPageIsDisplayed
2020-05-18 16:18:22,505[TestNG-tests-1]On Test Success testComparasionListPageIsDisplayed
2020-05-18 16:18:22,506[TestNG-tests-1]On Test Start testDeliveryPageIsDisplayed
2020-05-18 16:18:22,507[TestNG-tests-1]On Test Start testDeliveryPageIsDisplayed
2020-05-18 16:18:28,282[TestNG-tests-1]On Test Success testDeliveryPageIsDisplayed
2020-05-18 16:18:28,283[TestNG-tests-1]On Test Success testDeliveryPageIsDisplayed
2020-05-18 16:18:28,284[TestNG-tests-1]On Test Start testDiscountSystemPageIsDisplayed
2020-05-18 16:18:28,284[TestNG-tests-1]On Test Start testDiscountSystemPageIsDisplayed
2020-05-18 16:18:34,255[TestNG-tests-1]On Test Success testDiscountSystemPageIsDisplayed
2020-05-18 16:18:34,255[TestNG-tests-1]On Test Success testDiscountSystemPageIsDisplayed
2020-05-18 16:18:34,256[TestNG-tests-1]On Test Start testLoginWindowIsDisplayed
2020-05-18 16:18:34,257[TestNG-tests-1]On Test Start testLoginWindowIsDisplayed
2020-05-18 16:18:39,110[TestNG-tests-1]On Test Success testLoginWindowIsDisplayed
2020-05-18 16:18:39,111[TestNG-tests-1]On Test Success testLoginWindowIsDisplayed
2020-05-18 16:18:39,113[TestNG-tests-1]On Test Start testPaymentPageIsDisplayed
2020-05-18 16:18:39,114[TestNG-tests-1]On Test Start testPaymentPageIsDisplayed
2020-05-18 16:18:44,531[TestNG-tests-1]On Test Success testPaymentPageIsDisplayed
2020-05-18 16:18:44,531[TestNG-tests-1]On Test Success testPaymentPageIsDisplayed
2020-05-18 16:18:44,532[TestNG-tests-1]On Test Start testWarrantyPageIsDisplayed
2020-05-18 16:18:44,533[TestNG-tests-1]On Test Start testWarrantyPageIsDisplayed
2020-05-18 16:18:50,459[TestNG-tests-1]On Test Success testWarrantyPageIsDisplayed
2020-05-18 16:18:50,459[TestNG-tests-1]On Test Success testWarrantyPageIsDisplayed
2020-05-18 16:18:50,460[TestNG-tests-1]On Test Start testWishListPageIsDisplayed
2020-05-18 16:18:50,461[TestNG-tests-1]On Test Start testWishListPageIsDisplayed
2020-05-18 16:18:57,021[TestNG-tests-1]On Test Success testWishListPageIsDisplayed
2020-05-18 16:18:57,022[TestNG-tests-1]On Test Success testWishListPageIsDisplayed
2020-05-18 16:19:03,662[TestNG-tests-1]On Test Start testChooseProductFromCatalog
2020-05-18 16:19:03,663[TestNG-tests-1]On Test Start testChooseProductFromCatalog
2020-05-18 16:20:03,385[TestNG-tests-1]On Test Success testChooseProductFromCatalog
2020-05-18 16:20:03,385[TestNG-tests-1]On Test Success testChooseProductFromCatalog
2020-05-21 17:45:28,087[main]Usertestuser@mailinator.comis successfully logged in 
2020-05-21 17:45:53,752[main]Usertestuser@mailinator.comis successfully logged in 
2020-05-21 17:47:28,080[main]Usertestuser@mailinator.comis successfully logged in 
2020-05-21 17:47:59,198[main]Usertestuser@mailinator.comis successfully logged in 
2020-05-21 17:53:38,441[main]Usertestuser@mailinator.comis successfully logged in 
2020-05-21 17:55:27,800[main]Usertestuser@mailinator.comis successfully logged in 
2020-05-21 17:56:08,377[main]Usertestuser@mailinator.comis successfully logged in 
2020-05-21 17:59:36,810[main]Usertestuser@mailinator.comis successfully logged in 
2020-05-21 18:00:01,090[main]Usertestuser@mailinator.comis successfully logged in 
2020-05-21 18:02:23,876[main]Usertestuser@mailinator.comis successfully logged in 
2020-05-21 18:02:52,768[main]Usertestuser@mailinator.comis successfully logged in 
2020-05-21 18:05:07,103[main]Usernastya.chelyapina0505@gmail.comis successfully logged in 
2020-05-21 18:06:08,167[main]Usertestuser@mailinator.comis successfully logged in 
2020-05-21 18:06:31,132[main]Usertestuser@mailinator.comis successfully logged in 
2020-05-21 18:19:19,400[main]Usertestuser@mailinator.comis successfully logged in 
2020-05-21 18:20:08,919[main]Usertestuser@mailinator.comis successfully logged in 
2020-05-21 18:20:47,532[main]Usertestuser@mailinator.comis successfully logged in 
2020-05-21 18:21:20,675[main]Usertestuser@mailinator.comis successfully logged in 
2020-05-21 18:23:14,651[main]Usertestuser@mailinator.comis successfully logged in 
2020-05-21 18:24:57,465[main]Usertestuser@mailinator.comis successfully logged in 
2020-05-21 18:29:02,389[main]Usertestuser@mailinator.comis successfully logged in 
2020-05-21 18:31:07,162[main]Usertestuser@mailinator.comis successfully logged in 
2020-05-21 18:32:05,418[main]Usertestuser@mailinator.comis successfully logged in 
2020-05-21 18:34:20,056[main]Usertestuser@mailinator.comis successfully logged in 
2020-05-21 18:37:43,257[main]Usertestuser@mailinator.comis successfully logged in 
2020-05-21 18:38:33,324[main]Usertestuser@mailinator.comis successfully logged in 
2020-05-21 18:39:29,396[main]Usertestuser@mailinator.comis successfully logged in 
2020-05-21 18:42:59,920[main]Usertestuser@mailinator.comis successfully logged in 
2020-05-21 18:44:18,778[main]Usertestuser@mailinator.comis successfully logged in 
2020-05-21 18:45:57,673[main]Usertestuser@mailinator.comis successfully logged in 
2020-05-21 18:47:43,089[main]Usertestuser@mailinator.comis successfully logged in 
2020-05-21 18:47:59,233[main]Usertestuser@mailinator.comis successfully logged in 
2020-05-21 18:50:48,522[main]Usertestuser@mailinator.comis successfully logged in 
2020-05-21 18:53:56,548[main]Usertestuser@mailinator.comis successfully logged in 
2020-05-21 18:55:09,901[main]Usertestuser@mailinator.comis successfully logged in 
2020-05-21 18:58:09,955[main]Usertestuser@mailinator.comis successfully logged in 
2020-05-21 18:59:12,132[main]Usertestuser@mailinator.comis successfully logged in 
2020-05-21 19:05:04,363[main]Usertestuser@mailinator.comis successfully logged in 
2020-05-21 19:06:36,752[main]Usertestuser@mailinator.comis successfully logged in 
2020-05-21 19:07:39,129[main]Usertestuser@mailinator.comis successfully logged in 
2020-05-21 19:10:29,353[main]Usertestuser@mailinator.comis successfully logged in 
2020-05-21 19:10:49,102[main]Usertestuser@mailinator.comis successfully logged in 
2020-05-21 19:11:37,843[main]Usertestuser@mailinator.comis successfully logged in 
2020-05-21 19:12:06,434[main]Usertestuser@mailinator.comis successfully logged in 
2020-05-21 20:52:19,672[main]Usertestuser@mailinator.comis successfully logged in 
2020-05-21 20:53:25,034[main]Usertestuser@mailinator.comis successfully logged in 
2020-05-21 20:58:11,700[main]Usertestuser@mailinator.comis successfully logged in 
2020-05-21 20:59:29,310[main]Usertestuser@mailinator.comis successfully logged in 
2020-05-22 12:06:00,501[main]Usertestuser@mailinator.comis successfully logged in 
2020-05-22 12:08:03,322[main]Usertestuser@mailinator.comis successfully logged in 
2020-05-22 12:08:44,239[main]Usertestuser@mailinator.comis successfully logged in 
2020-05-22 12:09:10,093[main]Usertestuser@mailinator.comis successfully logged in 
2020-05-22 12:18:32,756[main]Usertestuser@mailinator.comis successfully logged in 
2020-05-22 12:20:02,219[main]Usertestuser@mailinator.comis successfully logged in 
2020-05-22 12:21:47,878[main]Usertestuser@mailinator.comis successfully logged in 
2020-05-22 12:23:28,186[main]Usertestuser@mailinator.comis successfully logged in 
2020-05-22 12:24:26,392[main]Usertestuser@mailinator.comis successfully logged in 
2020-05-22 12:26:46,876[main]Usertestuser@mailinator.comis successfully logged in 
2020-05-22 13:01:39,814[main]Usertestuser@mailinator.comis successfully logged in 
2020-05-22 13:05:38,670[main]Usertestuser@mailinator.comis successfully logged in 
2020-05-22 13:08:14,676[main]Usertestuser@mailinator.comis successfully logged in 
2020-05-22 13:10:01,415[main]Usertestuser@mailinator.comis successfully logged in 
2020-05-22 13:11:27,709[main]Usertestuser@mailinator.comis successfully logged in 
